[2025-12-18 07:17:44Z INFO HostContext] No proxy settings were found based on environmental variables (http_proxy/https_proxy/HTTP_PROXY/HTTPS_PROXY)
[2025-12-18 07:17:44Z INFO HostContext] Well known directory 'Bin': 'C:\devops_step2\actions-runner\bin'
[2025-12-18 07:17:44Z INFO HostContext] Well known directory 'Root': 'C:\devops_step2\actions-runner'
[2025-12-18 07:17:44Z INFO HostContext] Well known config file 'Credentials': 'C:\devops_step2\actions-runner\.credentials'
[2025-12-18 07:17:44Z INFO HostContext] Well known directory 'Bin': 'C:\devops_step2\actions-runner\bin'
[2025-12-18 07:17:44Z INFO HostContext] Well known directory 'Root': 'C:\devops_step2\actions-runner'
[2025-12-18 07:17:44Z INFO HostContext] Well known config file 'Runner': 'C:\devops_step2\actions-runner\.runner'
[2025-12-18 07:17:44Z INFO Listener] Runner is built for Windows (X64) - win-x64.
[2025-12-18 07:17:44Z INFO Listener] RuntimeInformation: Microsoft Windows 10.0.26200.
[2025-12-18 07:17:44Z INFO Listener] Version: 2.329.0
[2025-12-18 07:17:44Z INFO Listener] Commit: c76c59996c8fa32e989164a5a695efb12608ae5a
[2025-12-18 07:17:44Z INFO Listener] Culture: ko-KR
[2025-12-18 07:17:44Z INFO Listener] UI Culture: ko-KR
[2025-12-18 07:17:44Z INFO HostContext] Well known directory 'Bin': 'C:\devops_step2\actions-runner\bin'
[2025-12-18 07:17:44Z INFO HostContext] Well known directory 'Root': 'C:\devops_step2\actions-runner'
[2025-12-18 07:17:44Z INFO Listener] Validating directory permissions for: 'C:\devops_step2\actions-runner'
[2025-12-18 07:17:44Z INFO CommandLineParser] Parse
[2025-12-18 07:17:44Z INFO CommandLineParser] Parsing 3 args
[2025-12-18 07:17:44Z INFO CommandLineParser] parsing argument
[2025-12-18 07:17:44Z INFO CommandLineParser] HasArgs: False
[2025-12-18 07:17:44Z INFO CommandLineParser] Adding Command: remove
[2025-12-18 07:17:44Z INFO CommandLineParser] parsing argument
[2025-12-18 07:17:44Z INFO CommandLineParser] HasArgs: True
[2025-12-18 07:17:44Z INFO CommandLineParser] arg: token
[2025-12-18 07:17:44Z INFO CommandLineParser] parsing argument
[2025-12-18 07:17:44Z INFO CommandLineParser] HasArgs: True
[2025-12-18 07:17:44Z INFO CommandLineParser] Adding option 'token': '***'
[2025-12-18 07:17:44Z INFO Listener] Arguments parsed
[2025-12-18 07:17:44Z INFO Runner] ExecuteCommand
[2025-12-18 07:17:44Z INFO ConfigurationStore] currentAssemblyLocation: C:\devops_step2\actions-runner\bin\Runner.Listener.dll
[2025-12-18 07:17:44Z INFO HostContext] Well known directory 'Bin': 'C:\devops_step2\actions-runner\bin'
[2025-12-18 07:17:44Z INFO ConfigurationStore] binPath: C:\devops_step2\actions-runner\bin
[2025-12-18 07:17:44Z INFO HostContext] Well known directory 'Bin': 'C:\devops_step2\actions-runner\bin'
[2025-12-18 07:17:44Z INFO HostContext] Well known directory 'Root': 'C:\devops_step2\actions-runner'
[2025-12-18 07:17:44Z INFO ConfigurationStore] RootFolder: C:\devops_step2\actions-runner
[2025-12-18 07:17:44Z INFO HostContext] Well known directory 'Bin': 'C:\devops_step2\actions-runner\bin'
[2025-12-18 07:17:44Z INFO HostContext] Well known directory 'Root': 'C:\devops_step2\actions-runner'
[2025-12-18 07:17:44Z INFO HostContext] Well known config file 'Runner': 'C:\devops_step2\actions-runner\.runner'
[2025-12-18 07:17:44Z INFO ConfigurationStore] ConfigFilePath: C:\devops_step2\actions-runner\.runner
[2025-12-18 07:17:44Z INFO HostContext] Well known directory 'Bin': 'C:\devops_step2\actions-runner\bin'
[2025-12-18 07:17:44Z INFO HostContext] Well known directory 'Root': 'C:\devops_step2\actions-runner'
[2025-12-18 07:17:44Z INFO HostContext] Well known config file 'MigratedRunner': 'C:\devops_step2\actions-runner\.runner_migrated'
[2025-12-18 07:17:44Z INFO ConfigurationStore] MigratedConfigFilePath: C:\devops_step2\actions-runner\.runner_migrated
[2025-12-18 07:17:44Z INFO HostContext] Well known directory 'Bin': 'C:\devops_step2\actions-runner\bin'
[2025-12-18 07:17:44Z INFO HostContext] Well known directory 'Root': 'C:\devops_step2\actions-runner'
[2025-12-18 07:17:44Z INFO HostContext] Well known config file 'Credentials': 'C:\devops_step2\actions-runner\.credentials'
[2025-12-18 07:17:44Z INFO ConfigurationStore] CredFilePath: C:\devops_step2\actions-runner\.credentials
[2025-12-18 07:17:44Z INFO HostContext] Well known directory 'Bin': 'C:\devops_step2\actions-runner\bin'
[2025-12-18 07:17:44Z INFO HostContext] Well known directory 'Root': 'C:\devops_step2\actions-runner'
[2025-12-18 07:17:44Z INFO HostContext] Well known config file 'MigratedCredentials': 'C:\devops_step2\actions-runner\.credentials_migrated'
[2025-12-18 07:17:44Z INFO ConfigurationStore] MigratedCredFilePath: C:\devops_step2\actions-runner\.credentials_migrated
[2025-12-18 07:17:44Z INFO HostContext] Well known directory 'Bin': 'C:\devops_step2\actions-runner\bin'
[2025-12-18 07:17:44Z INFO HostContext] Well known directory 'Root': 'C:\devops_step2\actions-runner'
[2025-12-18 07:17:44Z INFO HostContext] Well known config file 'Service': 'C:\devops_step2\actions-runner\.service'
[2025-12-18 07:17:44Z INFO ConfigurationStore] ServiceConfigFilePath: C:\devops_step2\actions-runner\.service
[2025-12-18 07:17:44Z INFO CommandSettings] Flag 'help': 'False'
[2025-12-18 07:17:44Z INFO CommandSettings] Flag 'version': 'False'
[2025-12-18 07:17:44Z INFO CommandSettings] Flag 'commit': 'False'
[2025-12-18 07:17:44Z INFO CommandSettings] Flag 'check': 'False'
[2025-12-18 07:17:45Z INFO CommandSettings] Command 'configure': 'False'
[2025-12-18 07:17:45Z INFO CommandSettings] Command 'remove': 'True'
[2025-12-18 07:17:45Z INFO CommandSettings] Flag 'local': 'False'
[2025-12-18 07:17:45Z INFO ConfigurationStore] IsServiceConfigured()
[2025-12-18 07:17:45Z INFO ConfigurationStore] IsServiceConfigured: False
[2025-12-18 07:17:45Z INFO ConfigurationStore] IsConfigured()
[2025-12-18 07:17:45Z INFO ConfigurationStore] IsConfigured: True
[2025-12-18 07:17:45Z INFO ConfigurationStore] HasCredentials()
[2025-12-18 07:17:45Z INFO ConfigurationStore] stored True
[2025-12-18 07:17:45Z INFO ConfigurationStore] Read setting file: 401 chars
[2025-12-18 07:17:45Z INFO CommandSettings] Arg 'token': '***'
[2025-12-18 07:17:45Z INFO CommandSettings] Remove token from Arg dictionary.
[2025-12-18 07:17:46Z INFO ConfigurationManager] Http response code: OK from 'POST https://api.github.com/actions/runner-registration' (D73E:228D26:320E64:3ED481:6943AA99)
[2025-12-18 07:17:46Z INFO ConfigurationManager] cred retrieved via GitHub auth
[2025-12-18 07:17:46Z INFO RunnerServer] EstablishVssConnection
[2025-12-18 07:17:46Z INFO RunnerServer] Establish connection with 100 seconds timeout.
[2025-12-18 07:17:46Z INFO GitHubActionsService] Starting operation Location.GetConnectionData
[2025-12-18 07:17:46Z INFO RunnerServer] EstablishVssConnection
[2025-12-18 07:17:46Z INFO RunnerServer] Establish connection with 60 seconds timeout.
[2025-12-18 07:17:46Z INFO GitHubActionsService] Starting operation Location.GetConnectionData
[2025-12-18 07:17:46Z INFO RunnerServer] EstablishVssConnection
[2025-12-18 07:17:46Z INFO RunnerServer] Establish connection with 60 seconds timeout.
[2025-12-18 07:17:46Z INFO GitHubActionsService] Starting operation Location.GetConnectionData
[2025-12-18 07:17:47Z INFO GitHubActionsService] Finished operation Location.GetConnectionData
[2025-12-18 07:17:47Z INFO GitHubActionsService] Finished operation Location.GetConnectionData
[2025-12-18 07:17:47Z INFO GitHubActionsService] Finished operation Location.GetConnectionData
[2025-12-18 07:17:48Z INFO Terminal] WRITE LINE: 
[2025-12-18 07:17:48Z INFO ConfigurationStore] IsConfigured()
[2025-12-18 07:17:48Z INFO ConfigurationStore] IsConfigured: True
[2025-12-18 07:17:48Z INFO ConfigurationStore] HasCredentials()
[2025-12-18 07:17:48Z INFO ConfigurationStore] stored True
[2025-12-18 07:17:48Z INFO HostContext] Well known directory 'Bin': 'C:\devops_step2\actions-runner\bin'
[2025-12-18 07:17:48Z INFO HostContext] Well known directory 'Root': 'C:\devops_step2\actions-runner'
[2025-12-18 07:17:48Z INFO HostContext] Well known config file 'RSACredentials': 'C:\devops_step2\actions-runner\.credentials_rsaparams'
[2025-12-18 07:17:48Z INFO RSAEncryptedFileKeyManager] Deleting RSA key parameters file C:\devops_step2\actions-runner\.credentials_rsaparams
[2025-12-18 07:17:48Z INFO Terminal] WRITE LINE: 
[2025-12-18 07:17:48Z INFO Listener] Runner execution has finished with return code 0
